# JRE version: OpenJDK Runtime Environment Corretto-11.0.12.7.2 (11.0.12+7) (build 11.0.12+7-LTS)
# Java VM: OpenJDK 64-Bit Server VM Corretto-11.0.12.7.2 (11.0.12+7-LTS, mixed mode, tiered, compressed oops, g1 gc, bsd-amd64)
Heap:
 garbage-first heap   total 465920K, used 377229K [0x00000007a0000000, 0x0000000800000000)
  region size 1024K, 63 young (64512K), 4 survivors (4096K)
 Metaspace       used 497555K, capacity 538430K, committed 539728K, reserved 1492992K
  class space    used 76297K, capacity 96801K, committed 97184K, reserved 1048576K
GC Heap History (20 events):
Event: 18870.077 GC heap before
{Heap before GC invocations=259 (full 6):
 garbage-first heap   total 465920K, used 400449K [0x00000007a0000000, 0x0000000800000000)
  region size 1024K, 45 young (46080K), 4 survivors (4096K)
 Metaspace       used 498502K, capacity 539463K, committed 539728K, reserved 1492992K
  class space    used 76483K, capacity 97074K, committed 97184K, reserved 1048576K
}
Event: 18870.082 GC heap after
{Heap after GC invocations=260 (full 6):
 garbage-first heap   total 465920K, used 359877K [0x00000007a0000000, 0x0000000800000000)
  region size 1024K, 2 young (2048K), 2 survivors (2048K)
 Metaspace       used 498502K, capacity 539463K, committed 539728K, reserved 1492992K
  class space    used 76483K, capacity 97074K, committed 97184K, reserved 1048576K
}
Event: 18870.180 GC heap before
{Heap before GC invocations=260 (full 6):
 garbage-first heap   total 465920K, used 402885K [0x00000007a0000000, 0x0000000800000000)
  region size 1024K, 44 young (45056K), 2 survivors (2048K)
 Metaspace       used 498502K, capacity 539463K, committed 539728K, reserved 1492992K
  class space    used 76483K, capacity 97074K, committed 97184K, reserved 1048576K
}
Event: 18870.183 GC heap after
{Heap after GC invocations=261 (full 6):
 garbage-first heap   total 465920K, used 359674K [0x00000007a0000000, 0x0000000800000000)
  region size 1024K, 2 young (2048K), 2 survivors (2048K)
 Metaspace       used 498502K, capacity 539463K, committed 539728K, reserved 1492992K
  class space    used 76483K, capacity 97074K, committed 97184K, reserved 1048576K
}
Event: 18870.248 GC heap before
{Heap before GC invocations=261 (full 6):
 garbage-first heap   total 465920K, used 385274K [0x00000007a0000000, 0x0000000800000000)
  region size 1024K, 10 young (10240K), 2 survivors (2048K)
 Metaspace       used 498502K, capacity 539463K, committed 539728K, reserved 1492992K
  class space    used 76483K, capacity 97074K, committed 97184K, reserved 1048576K
}
Event: 18870.253 GC heap after
{Heap after GC invocations=262 (full 6):
 garbage-first heap   total 465920K, used 359654K [0x00000007a0000000, 0x0000000800000000)
  region size 1024K, 2 young (2048K), 2 survivors (2048K)
 Metaspace       used 498502K, capacity 539463K, committed 539728K, reserved 1492992K
  class space    used 76483K, capacity 97074K, committed 97184K, reserved 1048576K
}
Event: 18872.066 GC heap before
{Heap before GC invocations=263 (full 6):
 garbage-first heap   total 465920K, used 386278K [0x00000007a0000000, 0x0000000800000000)
  region size 1024K, 37 young (37888K), 2 survivors (2048K)
 Metaspace       used 495984K, capacity 536770K, committed 539728K, reserved 1492992K
  class space    used 76155K, capacity 96620K, committed 97184K, reserved 1048576K
}
Event: 18872.082 GC heap after
{Heap after GC invocations=264 (full 6):
 garbage-first heap   total 465920K, used 342629K [0x00000007a0000000, 0x0000000800000000)
  region size 1024K, 4 young (4096K), 4 survivors (4096K)
 Metaspace       used 495984K, capacity 536770K, committed 539728K, reserved 1492992K
  class space    used 76155K, capacity 96620K, committed 97184K, reserved 1048576K
}
Event: 18872.387 GC heap before
{Heap before GC invocations=264 (full 6):
 garbage-first heap   total 465920K, used 361061K [0x00000007a0000000, 0x0000000800000000)
  region size 1024K, 22 young (22528K), 4 survivors (4096K)
 Metaspace       used 495986K, capacity 536771K, committed 539728K, reserved 1492992K
  class space    used 76155K, capacity 96620K, committed 97184K, reserved 1048576K
}
Event: 18872.399 GC heap after
{Heap after GC invocations=265 (full 6):
 garbage-first heap   total 465920K, used 302316K [0x00000007a0000000, 0x0000000800000000)
  region size 1024K, 3 young (3072K), 3 survivors (3072K)
 Metaspace       used 495986K, capacity 536771K, committed 539728K, reserved 1492992K
  class space    used 76155K, capacity 96620K, committed 97184K, reserved 1048576K
}
Event: 18872.671 GC heap before
{Heap before GC invocations=265 (full 6):
 garbage-first heap   total 465920K, used 321772K [0x00000007a0000000, 0x0000000800000000)
  region size 1024K, 22 young (22528K), 3 survivors (3072K)
 Metaspace       used 495986K, capacity 536771K, committed 539728K, reserved 1492992K
  class space    used 76155K, capacity 96620K, committed 97184K, reserved 1048576K
}
Event: 18872.702 GC heap after
{Heap after GC invocations=266 (full 6):
 garbage-first heap   total 465920K, used 278441K [0x00000007a0000000, 0x0000000800000000)
  region size 1024K, 3 young (3072K), 3 survivors (3072K)
 Metaspace       used 495986K, capacity 536771K, committed 539728K, reserved 1492992K
  class space    used 76155K, capacity 96620K, committed 97184K, reserved 1048576K
}
Event: 18873.851 GC heap before
{Heap before GC invocations=266 (full 6):
 garbage-first heap   total 465920K, used 352169K [0x00000007a0000000, 0x0000000800000000)
  region size 1024K, 72 young (73728K), 3 survivors (3072K)
 Metaspace       used 496007K, capacity 536772K, committed 539728K, reserved 1492992K
  class space    used 76155K, capacity 96620K, committed 97184K, reserved 1048576K
}
Event: 18873.864 GC heap after
{Heap after GC invocations=267 (full 6):
 garbage-first heap   total 465920K, used 288445K [0x00000007a0000000, 0x0000000800000000)
  region size 1024K, 9 young (9216K), 9 survivors (9216K)
 Metaspace       used 496007K, capacity 536772K, committed 539728K, reserved 1492992K
  class space    used 76155K, capacity 96620K, committed 97184K, reserved 1048576K
}
Event: 18875.095 GC heap before
{Heap before GC invocations=267 (full 6):
 garbage-first heap   total 465920K, used 359101K [0x00000007a0000000, 0x0000000800000000)
  region size 1024K, 78 young (79872K), 9 survivors (9216K)
 Metaspace       used 496139K, capacity 536959K, committed 539728K, reserved 1492992K
  class space    used 76155K, capacity 96620K, committed 97184K, reserved 1048576K
}
Event: 18875.113 GC heap after
{Heap after GC invocations=268 (full 6):
 garbage-first heap   total 465920K, used 301889K [0x00000007a0000000, 0x0000000800000000)
  region size 1024K, 10 young (10240K), 10 survivors (10240K)
 Metaspace       used 496139K, capacity 536959K, committed 539728K, reserved 1492992K
  class space    used 76155K, capacity 96620K, committed 97184K, reserved 1048576K
}
Event: 18875.423 GC heap before
{Heap before GC invocations=268 (full 6):
 garbage-first heap   total 465920K, used 367425K [0x00000007a0000000, 0x0000000800000000)
  region size 1024K, 74 young (75776K), 10 survivors (10240K)
 Metaspace       used 496149K, capacity 536960K, committed 539728K, reserved 1492992K
  class space    used 76155K, capacity 96620K, committed 97184K, reserved 1048576K
}
Event: 18875.434 GC heap after
{Heap after GC invocations=269 (full 6):
 garbage-first heap   total 465920K, used 318904K [0x00000007a0000000, 0x0000000800000000)
  region size 1024K, 10 young (10240K), 10 survivors (10240K)
 Metaspace       used 496149K, capacity 536960K, committed 539728K, reserved 1492992K
  class space    used 76155K, capacity 96620K, committed 97184K, reserved 1048576K
}
Event: 18877.859 GC heap before
{Heap before GC invocations=269 (full 6):
 garbage-first heap   total 465920K, used 376248K [0x00000007a0000000, 0x0000000800000000)
  region size 1024K, 66 young (67584K), 10 survivors (10240K)
 Metaspace       used 496796K, capacity 537673K, committed 539728K, reserved 1492992K
  class space    used 76201K, capacity 96693K, committed 97184K, reserved 1048576K
}
Event: 18877.871 GC heap after
{Heap after GC invocations=270 (full 6):
 garbage-first heap   total 465920K, used 318861K [0x00000007a0000000, 0x0000000800000000)
  region size 1024K, 4 young (4096K), 4 survivors (4096K)
 Metaspace       used 496796K, capacity 537673K, committed 539728K, reserved 1492992K
  class space    used 76201K, capacity 96693K, committed 97184K, reserved 1048576K
}

